<?xml version="1.0" encoding="UTF-8"?>
<!-- Generated by org.testng.reporters.JUnitReportReporter -->
<testsuite hostname="DESKTOP-NJDJR9N" failures="0" tests="1" name="TestNG_Program.ImplicitWait" time="6.802" errors="0" timestamp="2024-06-18T16:18:04 IST" skipped="0">
  <testcase classname="TestNG_Program.ImplicitWait" name="Link" time="6.802"/>
  <system-out/>
</testsuite> <!-- TestNG_Program.ImplicitWait -->
