<?xml version="1.0" encoding="UTF-8"?>
<!-- Generated by org.testng.reporters.JUnitReportReporter -->
<testsuite hostname="DESKTOP-NJDJR9N" failures="0" tests="1" name="Amazon_Program.Password" time="15.344" errors="0" timestamp="2024-06-28T21:00:42 IST" skipped="0">
  <testcase classname="Amazon_Program.Password" name="Searching" time="15.344"/>
  <system-out/>
</testsuite> <!-- Amazon_Program.Password -->
