<?xml version="1.0" encoding="UTF-8"?>
<!-- Generated by org.testng.reporters.JUnitReportReporter -->
<testsuite hostname="DESKTOP-NJDJR9N" failures="0" tests="2" name="Example.OrderofTestcase" time="0.026" errors="0" timestamp="2024-06-15T19:47:16 IST" skipped="0">
  <testcase classname="Example.OrderofTestcase" name="sub" time="0.004"/>
  <system-out/>
  <testcase classname="Example.OrderofTestcase" name="add" time="0.022"/>
  <system-out/>
</testsuite> <!-- Example.OrderofTestcase -->
