<?xml version="1.0" encoding="UTF-8"?>
<!-- Generated by org.testng.reporters.JUnitReportReporter -->
<testsuite hostname="DESKTOP-NJDJR9N" failures="0" tests="2" name="annotation_Concept.OrderofTestCase_Priority" time="0.022" errors="0" timestamp="2024-06-15T19:55:07 IST" skipped="0">
  <testcase classname="annotation_Concept.OrderofTestCase_Priority" name="add" time="0.013"/>
  <system-out/>
  <testcase classname="annotation_Concept.OrderofTestCase_Priority" name="sub" time="0.009"/>
  <system-out/>
</testsuite> <!-- annotation_Concept.OrderofTestCase_Priority -->
