<?xml version="1.0" encoding="UTF-8"?>
<!-- Generated by org.testng.reporters.JUnitReportReporter -->
<testsuite hostname="DESKTOP-NJDJR9N" failures="0" tests="11" name="annotation_Concept.InvocationCount" time="0.028" errors="0" timestamp="2024-06-18T16:33:32 IST" skipped="0">
  <testcase classname="annotation_Concept.InvocationCount" name="add" time="0.002"/>
  <system-out/>
  <testcase classname="annotation_Concept.InvocationCount" name="add" time="0.001"/>
  <system-out/>
  <testcase classname="annotation_Concept.InvocationCount" name="sub" time="0.001"/>
  <system-out/>
  <testcase classname="annotation_Concept.InvocationCount" name="add" time="0.002"/>
  <system-out/>
  <testcase classname="annotation_Concept.InvocationCount" name="add" time="0.001"/>
  <system-out/>
  <testcase classname="annotation_Concept.InvocationCount" name="add" time="0.002"/>
  <system-out/>
  <testcase classname="annotation_Concept.InvocationCount" name="add" time="0.008"/>
  <system-out/>
  <testcase classname="annotation_Concept.InvocationCount" name="add" time="0.002"/>
  <system-out/>
  <testcase classname="annotation_Concept.InvocationCount" name="add" time="0.005"/>
  <system-out/>
  <testcase classname="annotation_Concept.InvocationCount" name="add" time="0.002"/>
  <system-out/>
  <testcase classname="annotation_Concept.InvocationCount" name="add" time="0.002"/>
  <system-out/>
</testsuite> <!-- annotation_Concept.InvocationCount -->
