<?xml version="1.0" encoding="UTF-8"?>
<!-- Generated by org.testng.reporters.JUnitReportReporter -->
<testsuite hostname="DESKTOP-NJDJR9N" failures="0" tests="5" name="DataProviderTesting.DataProviderTesting1" time="61.551" errors="0" timestamp="2024-06-23T11:33:45 IST" skipped="0">
  <testcase classname="DataProviderTesting.DataProviderTesting1" name="TestCase1" time="10.912"/>
  <system-out/>
  <testcase classname="DataProviderTesting.DataProviderTesting1" name="TestCase1" time="12.855"/>
  <system-out/>
  <testcase classname="DataProviderTesting.DataProviderTesting1" name="TestCase1" time="11.576"/>
  <system-out/>
  <testcase classname="DataProviderTesting.DataProviderTesting1" name="TestCase1" time="8.372"/>
  <system-out/>
  <testcase classname="DataProviderTesting.DataProviderTesting1" name="TestCase1" time="17.836"/>
  <system-out/>
</testsuite> <!-- DataProviderTesting.DataProviderTesting1 -->
