<?xml version="1.0" encoding="UTF-8"?>
<!-- Generated by org.testng.reporters.JUnitReportReporter -->
<testsuite hostname="DESKTOP-NJDJR9N" failures="0" tests="2" name="annotation_Concept.disableTestcase" time="0.013" errors="0" timestamp="2024-06-15T20:25:27 IST" skipped="1">
  <testcase classname="annotation_Concept.disableTestcase" name="add" time="0.013"/>
  <system-out/>
  <testcase classname="annotation_Concept.disableTestcase" name="sub">
    <skipped/>
  </testcase> <!-- sub -->
  <system-out/>
</testsuite> <!-- annotation_Concept.disableTestcase -->
