<?xml version="1.0" encoding="UTF-8"?>
<!-- Generated by org.testng.reporters.JUnitReportReporter -->
<testsuite hostname="DESKTOP-NJDJR9N" failures="0" tests="1" name="Assertion.Assertion2" time="24.028" errors="0" timestamp="2024-06-25T16:51:39 IST" skipped="0">
  <testcase classname="Assertion.Assertion2" name="amazon" time="24.028"/>
  <system-out/>
</testsuite> <!-- Assertion.Assertion2 -->
