<?xml version="1.0" encoding="UTF-8"?>
<!-- Generated by org.testng.reporters.JUnitReportReporter -->
<testsuite hostname="DESKTOP-NJDJR9N" failures="0" tests="1" name="Assertion.Asserion1" time="12.044" errors="0" timestamp="2024-06-25T16:10:58 IST" skipped="0">
  <testcase classname="Assertion.Asserion1" name="googlesearch" time="12.044"/>
  <system-out/>
</testsuite> <!-- Assertion.Asserion1 -->
