<?xml version="1.0" encoding="UTF-8"?>
<!-- Generated by org.testng.reporters.JUnitReportReporter -->
<testsuite hostname="DESKTOP-NJDJR9N" failures="0" tests="1" name="Amazon_Program.BrowserLess_Testing" time="6.948" errors="0" timestamp="2024-07-06T12:58:51 IST" skipped="0">
  <testcase classname="Amazon_Program.BrowserLess_Testing" name="Testcase1" time="6.948"/>
  <system-out/>
</testsuite> <!-- Amazon_Program.BrowserLess_Testing -->
