<?xml version="1.0" encoding="UTF-8"?>
<!-- Generated by org.testng.reporters.JUnitReportReporter -->
<testsuite hostname="DESKTOP-NJDJR9N" failures="0" tests="1" name="parallelTesting.Googlesearching" time="17.895" errors="0" timestamp="2024-06-19T19:31:13 IST" skipped="0">
  <testcase classname="parallelTesting.Googlesearching" name="testcase1" time="17.895"/>
  <system-out/>
</testsuite> <!-- parallelTesting.Googlesearching -->
