<?xml version="1.0" encoding="UTF-8"?>
<!-- Generated by org.testng.reporters.JUnitReportReporter -->
<testsuite hostname="DESKTOP-NJDJR9N" failures="0" tests="1" name="annotation_Concept.Annotation_Program" time="0.014" errors="0" timestamp="2024-06-15T18:53:34 IST" skipped="0">
  <testcase classname="annotation_Concept.Annotation_Program" name="testcase1" time="0.014"/>
  <system-out/>
</testsuite> <!-- annotation_Concept.Annotation_Program -->
