<?xml version="1.0" encoding="UTF-8"?>
<!-- Generated by org.testng.reporters.JUnitReportReporter -->
<testsuite hostname="DESKTOP-NJDJR9N" failures="0" tests="4" name="DataProviderTesting.DataProvider_testing" time="0.015" errors="0" timestamp="2024-06-23T11:05:42 IST" skipped="0">
  <testcase classname="DataProviderTesting.DataProvider_testing" name="TestCase1" time="0.006"/>
  <system-out/>
  <testcase classname="DataProviderTesting.DataProvider_testing" name="TestCase1" time="0.003"/>
  <system-out/>
  <testcase classname="DataProviderTesting.DataProvider_testing" name="TestCase1" time="0.002"/>
  <system-out/>
  <testcase classname="DataProviderTesting.DataProvider_testing" name="TestCase1" time="0.004"/>
  <system-out/>
</testsuite> <!-- DataProviderTesting.DataProvider_testing -->
