<?xml version="1.0" encoding="UTF-8"?>
<!-- Generated by org.testng.reporters.JUnitReportReporter -->
<testsuite hostname="DESKTOP-NJDJR9N" failures="0" tests="1" name="TestNG_Program.timeOutParameter" time="5.727" errors="0" timestamp="2024-06-29T17:01:55 IST" skipped="0">
  <testcase classname="TestNG_Program.timeOutParameter" name="Testcase1" time="5.727"/>
  <system-out/>
</testsuite> <!-- TestNG_Program.timeOutParameter -->
