<?xml version="1.0" encoding="UTF-8"?>
<!-- Generated by org.testng.reporters.JUnitReportReporter -->
<testsuite hostname="DESKTOP-NJDJR9N" failures="0" tests="1" name="GroupingTesting.group" time="25.676" errors="0" timestamp="2024-06-29T17:58:40 IST" skipped="0">
  <testcase classname="GroupingTesting.group" name="Testcase2" time="25.676"/>
  <system-out/>
</testsuite> <!-- GroupingTesting.group -->
