<?xml version="1.0" encoding="UTF-8"?>
<!-- Generated by org.testng.reporters.JUnitReportReporter -->
<testsuite hostname="DESKTOP-NJDJR9N" failures="0" tests="1" name="TestNG_Program.ExplicitWait_visiblityofelement" time="13.284" errors="0" timestamp="2024-06-19T13:52:07 IST" skipped="0">
  <testcase classname="TestNG_Program.ExplicitWait_visiblityofelement" name="Launch_Google" time="13.284"/>
  <system-out/>
</testsuite> <!-- TestNG_Program.ExplicitWait_visiblityofelement -->
