<?xml version="1.0" encoding="UTF-8"?>
<!-- Generated by org.testng.reporters.JUnitReportReporter -->
<testsuite hostname="DESKTOP-NJDJR9N" failures="0" tests="1" name="Amazon_Program.Prog2" time="16.447" errors="0" timestamp="2024-06-16T17:26:20 IST" skipped="0">
  <testcase classname="Amazon_Program.Prog2" name="Searching" time="16.447"/>
  <system-out/>
</testsuite> <!-- Amazon_Program.Prog2 -->
