<?xml version="1.0" encoding="UTF-8"?>
<!-- Generated by org.testng.reporters.JUnitReportReporter -->
<testsuite hostname="DESKTOP-NJDJR9N" failures="0" tests="1" name="TestNG_Program.ExplicitWait" time="6.136" errors="0" timestamp="2024-06-18T16:22:20 IST" skipped="0">
  <testcase classname="TestNG_Program.ExplicitWait" name="Launch_Google" time="6.136"/>
  <system-out/>
</testsuite> <!-- TestNG_Program.ExplicitWait -->
