<?xml version="1.0" encoding="UTF-8"?>
<!-- Generated by org.testng.reporters.JUnitReportReporter -->
<testsuite hostname="DESKTOP-NJDJR9N" failures="0" tests="1" name="TestNG_Program.ExplicitWait_ParticialTitle$ExplicitWait" time="6.616" errors="0" timestamp="2024-06-18T16:30:11 IST" skipped="0">
  <testcase classname="TestNG_Program.ExplicitWait_ParticialTitle$ExplicitWait" name="Launch_Google" time="6.616"/>
  <system-out/>
</testsuite> <!-- TestNG_Program.ExplicitWait_ParticialTitle$ExplicitWait -->
