<?xml version="1.0" encoding="UTF-8"?>
<!-- Generated by org.testng.reporters.JUnitReportReporter -->
<testsuite hostname="DESKTOP-NJDJR9N" failures="0" tests="2" name="annotation_Concept.Annotation_Program1$Annotation_Program" time="0.028" errors="0" timestamp="2024-06-15T19:07:37 IST" skipped="0">
  <testcase classname="annotation_Concept.Annotation_Program1$Annotation_Program" name="testcase1" time="0.015"/>
  <system-out/>
  <testcase classname="annotation_Concept.Annotation_Program1$Annotation_Program" name="testcase2" time="0.013"/>
  <system-out/>
</testsuite> <!-- annotation_Concept.Annotation_Program1$Annotation_Program -->
