<?xml version="1.0" encoding="UTF-8"?>
<!-- Generated by org.testng.reporters.JUnitReportReporter -->
<testsuite hostname="DESKTOP-NJDJR9N" failures="0" tests="1" name="Amazon_Program.Prog1" time="17.663" errors="0" timestamp="2024-06-16T17:23:23 IST" skipped="0">
  <testcase classname="Amazon_Program.Prog1" name="login" time="17.663"/>
  <system-out/>
</testsuite> <!-- Amazon_Program.Prog1 -->
